<?xml version="1.0" encoding="UTF-8"?>
<!-- Generated by org.testng.reporters.JUnitReportReporter -->
<testsuite hostname="Rajesh" failures="0" tests="10" name="Testcases.Login_in" time="178.496" errors="0" timestamp="2024-07-08T11:08:10 IST" skipped="0">
  <testcase classname="Testcases.Login_in" name="clickon_login" time="15.643"/>
  <system-out/>
  <testcase classname="Testcases.Login_in" name="Resend_OTP" time="53.418"/>
  <system-out/>
  <testcase classname="Testcases.Login_in" name="Invalid_Email" time="15.371"/>
  <system-out/>
  <testcase classname="Testcases.Login_in" name="email_error_message" time="12.737"/>
  <system-out/>
  <testcase classname="Testcases.Login_in" name="OTP_error" time="19.886"/>
  <system-out/>
  <testcase classname="Testcases.Login_in" name="login_signup" time="4.439"/>
  <system-out/>
  <testcase classname="Testcases.Login_in" name="New_emailid" time="14.361"/>
  <system-out/>
  <testcase classname="Testcases.Login_in" name="signup_login" time="13.981"/>
  <system-out/>
  <testcase classname="Testcases.Login_in" name="New_emailid_clickon_get_started" time="13.210"/>
  <system-out/>
  <testcase classname="Testcases.Login_in" name="New_emailidclickon_get_started" time="15.450"/>
  <system-out/>
</testsuite> <!-- Testcases.Login_in -->
